# JRE version: Java(TM) SE Runtime Environment (8.0_111-b14) (build 1.8.0_111-b14)
# Java VM: Java HotSpot(TM) 64-Bit Server VM (25.111-b14 mixed mode linux-amd64 compressed oops)
Heap:
 PSYoungGen      total 209408K, used 6184K [0x00000000ecd80000, 0x0000000100000000, 0x0000000100000000)
  eden space 104960K, 0% used [0x00000000ecd80000,0x00000000ecd80000,0x00000000f3400000)
  from space 104448K, 5% used [0x00000000f9a00000,0x00000000fa00a1f0,0x0000000100000000)
  to   space 104448K, 0% used [0x00000000f3400000,0x00000000f3400000,0x00000000f9a00000)
 ParOldGen       total 442880K, used 442429K [0x00000000c6800000, 0x00000000e1880000, 0x00000000ecd80000)
  object space 442880K, 99% used [0x00000000c6800000,0x00000000e180f5d0,0x00000000e1880000)
 Metaspace       used 15854K, capacity 16142K, committed 16256K, reserved 1062912K
  class space    used 1747K, capacity 1835K, committed 1920K, reserved 1048576K
GC Heap History (10 events):
Event: 30.858 GC heap after
Heap after GC invocations=16 (full 3):
 PSYoungGen      total 211968K, used 85185K [0x00000000ecd80000, 0x0000000100000000, 0x0000000100000000)
  eden space 126464K, 0% used [0x00000000ecd80000,0x00000000ecd80000,0x00000000f4900000)
  from space 85504K, 99% used [0x00000000f4900000,0x00000000f9c30758,0x00000000f9c80000)
  to   space 101888K, 0% used [0x00000000f9c80000,0x00000000f9c80000,0x0000000100000000)
 ParOldGen       total 294400K, used 229320K [0x00000000c6800000, 0x00000000d8780000, 0x00000000ecd80000)
  object space 294400K, 77% used [0x00000000c6800000,0x00000000d47f2010,0x00000000d8780000)
 Metaspace       used 15845K, capacity 16130K, committed 16256K, reserved 1062912K
  class space    used 1746K, capacity 1833K, committed 1920K, reserved 1048576K
}
Event: 31.338 GC heap before
{Heap before GC invocations=17 (full 3):
 PSYoungGen      total 211968K, used 211649K [0x00000000ecd80000, 0x0000000100000000, 0x0000000100000000)
  eden space 126464K, 100% used [0x00000000ecd80000,0x00000000f4900000,0x00000000f4900000)
  from space 85504K, 99% used [0x00000000f4900000,0x00000000f9c30758,0x00000000f9c80000)
  to   space 101888K, 0% used [0x00000000f9c80000,0x00000000f9c80000,0x0000000100000000)
 ParOldGen       total 294400K, used 229320K [0x00000000c6800000, 0x00000000d8780000, 0x00000000ecd80000)
  object space 294400K, 77% used [0x00000000c6800000,0x00000000d47f2010,0x00000000d8780000)
 Metaspace       used 15845K, capacity 16130K, committed 16256K, reserved 1062912K
  class space    used 1746K, capacity 1833K, committed 1920K, reserved 1048576K
Event: 32.341 GC heap after
Heap after GC invocations=17 (full 3):
 PSYoungGen      total 206848K, used 63904K [0x00000000ecd80000, 0x0000000100000000, 0x0000000100000000)
  eden space 104960K, 0% used [0x00000000ecd80000,0x00000000ecd80000,0x00000000f3400000)
  from space 101888K, 62% used [0x00000000f9c80000,0x00000000fdae8030,0x0000000100000000)
  to   space 104448K, 0% used [0x00000000f3400000,0x00000000f3400000,0x00000000f9a00000)
 ParOldGen       total 313856K, used 312913K [0x00000000c6800000, 0x00000000d9a80000, 0x00000000ecd80000)
  object space 313856K, 99% used [0x00000000c6800000,0x00000000d99944a0,0x00000000d9a80000)
 Metaspace       used 15845K, capacity 16130K, committed 16256K, reserved 1062912K
  class space    used 1746K, capacity 1833K, committed 1920K, reserved 1048576K
}
Event: 32.341 GC heap before
{Heap before GC invocations=18 (full 4):
 PSYoungGen      total 206848K, used 63904K [0x00000000ecd80000, 0x0000000100000000, 0x0000000100000000)
  eden space 104960K, 0% used [0x00000000ecd80000,0x00000000ecd80000,0x00000000f3400000)
  from space 101888K, 62% used [0x00000000f9c80000,0x00000000fdae8030,0x0000000100000000)
  to   space 104448K, 0% used [0x00000000f3400000,0x00000000f3400000,0x00000000f9a00000)
 ParOldGen       total 313856K, used 312913K [0x00000000c6800000, 0x00000000d9a80000, 0x00000000ecd80000)
  object space 313856K, 99% used [0x00000000c6800000,0x00000000d99944a0,0x00000000d9a80000)
 Metaspace       used 15845K, capacity 16130K, committed 16256K, reserved 1062912K
  class space    used 1746K, capacity 1833K, committed 1920K, reserved 1048576K
Event: 34.405 GC heap after
Heap after GC invocations=18 (full 4):
 PSYoungGen      total 206848K, used 36700K [0x00000000ecd80000, 0x0000000100000000, 0x0000000100000000)
  eden space 104960K, 0% used [0x00000000ecd80000,0x00000000ecd80000,0x00000000f3400000)
  from space 101888K, 36% used [0x00000000f9c80000,0x00000000fc057260,0x0000000100000000)
  to   space 104448K, 0% used [0x00000000f3400000,0x00000000f3400000,0x00000000f9a00000)
 ParOldGen       total 442880K, used 313652K [0x00000000c6800000, 0x00000000e1880000, 0x00000000ecd80000)
  object space 442880K, 70% used [0x00000000c6800000,0x00000000d9a4d3d8,0x00000000e1880000)
 Metaspace       used 15845K, capacity 16130K, committed 16256K, reserved 1062912K
  class space    used 1746K, capacity 1833K, committed 1920K, reserved 1048576K
}
Event: 34.916 GC heap before
{Heap before GC invocations=19 (full 4):
 PSYoungGen      total 206848K, used 141660K [0x00000000ecd80000, 0x0000000100000000, 0x0000000100000000)
  eden space 104960K, 100% used [0x00000000ecd80000,0x00000000f3400000,0x00000000f3400000)
  from space 101888K, 36% used [0x00000000f9c80000,0x00000000fc057260,0x0000000100000000)
  to   space 104448K, 0% used [0x00000000f3400000,0x00000000f3400000,0x00000000f9a00000)
 ParOldGen       total 442880K, used 313652K [0x00000000c6800000, 0x00000000e1880000, 0x00000000ecd80000)
  object space 442880K, 70% used [0x00000000c6800000,0x00000000d9a4d3d8,0x00000000e1880000)
 Metaspace       used 15853K, capacity 16142K, committed 16256K, reserved 1062912K
  class space    used 1747K, capacity 1835K, committed 1920K, reserved 1048576K
Event: 35.304 GC heap after
Heap after GC invocations=19 (full 4):
 PSYoungGen      total 209408K, used 57938K [0x00000000ecd80000, 0x0000000100000000, 0x0000000100000000)
  eden space 104960K, 0% used [0x00000000ecd80000,0x00000000ecd80000,0x00000000f3400000)
  from space 104448K, 55% used [0x00000000f3400000,0x00000000f6c94ad8,0x00000000f9a00000)
  to   space 104448K, 0% used [0x00000000f9a00000,0x00000000f9a00000,0x0000000100000000)
 ParOldGen       total 442880K, used 350445K [0x00000000c6800000, 0x00000000e1880000, 0x00000000ecd80000)
  object space 442880K, 79% used [0x00000000c6800000,0x00000000dbe3b408,0x00000000e1880000)
 Metaspace       used 15853K, capacity 16142K, committed 16256K, reserved 1062912K
  class space    used 1747K, capacity 1835K, committed 1920K, reserved 1048576K
}
Event: 35.597 GC heap before
{Heap before GC invocations=20 (full 4):
 PSYoungGen      total 209408K, used 162898K [0x00000000ecd80000, 0x0000000100000000, 0x0000000100000000)
  eden space 104960K, 100% used [0x00000000ecd80000,0x00000000f3400000,0x00000000f3400000)
  from space 104448K, 55% used [0x00000000f3400000,0x00000000f6c94ad8,0x00000000f9a00000)
  to   space 104448K, 0% used [0x00000000f9a00000,0x00000000f9a00000,0x0000000100000000)
 ParOldGen       total 442880K, used 350445K [0x00000000c6800000, 0x00000000e1880000, 0x00000000ecd80000)
  object space 442880K, 79% used [0x00000000c6800000,0x00000000dbe3b408,0x00000000e1880000)
 Metaspace       used 15854K, capacity 16142K, committed 16256K, reserved 1062912K
  class space    used 1747K, capacity 1835K, committed 1920K, reserved 1048576K
Event: 36.021 GC heap after
Heap after GC invocations=20 (full 4):
 PSYoungGen      total 209408K, used 56942K [0x00000000ecd80000, 0x0000000100000000, 0x0000000100000000)
  eden space 104960K, 0% used [0x00000000ecd80000,0x00000000ecd80000,0x00000000f3400000)
  from space 104448K, 54% used [0x00000000f9a00000,0x00000000fd19b858,0x0000000100000000)
  to   space 104448K, 0% used [0x00000000f3400000,0x00000000f3400000,0x00000000f9a00000)
 ParOldGen       total 442880K, used 405447K [0x00000000c6800000, 0x00000000e1880000, 0x00000000ecd80000)
  object space 442880K, 91% used [0x00000000c6800000,0x00000000df3f1ed0,0x00000000e1880000)
 Metaspace       used 15854K, capacity 16142K, committed 16256K, reserved 1062912K
  class space    used 1747K, capacity 1835K, committed 1920K, reserved 1048576K
}
Event: 36.025 GC heap before
{Heap before GC invocations=21 (full 5):
 PSYoungGen      total 209408K, used 56942K [0x00000000ecd80000, 0x0000000100000000, 0x0000000100000000)
  eden space 104960K, 0% used [0x00000000ecd80000,0x00000000ecd80000,0x00000000f3400000)
  from space 104448K, 54% used [0x00000000f9a00000,0x00000000fd19b858,0x0000000100000000)
  to   space 104448K, 0% used [0x00000000f3400000,0x00000000f3400000,0x00000000f9a00000)
 ParOldGen       total 442880K, used 405447K [0x00000000c6800000, 0x00000000e1880000, 0x00000000ecd80000)
  object space 442880K, 91% used [0x00000000c6800000,0x00000000df3f1ed0,0x00000000e1880000)
 Metaspace       used 15854K, capacity 16142K, committed 16256K, reserved 1062912K
  class space    used 1747K, capacity 1835K, committed 1920K, reserved 1048576K

