# JRE version: Java(TM) SE Runtime Environment (8.0_111-b14) (build 1.8.0_111-b14)
# Java VM: Java HotSpot(TM) 64-Bit Server VM (25.111-b14 mixed mode linux-amd64 compressed oops)
Heap:
 PSYoungGen      total 209408K, used 0K [0x00000000ecd80000, 0x0000000100000000, 0x0000000100000000)
  eden space 104960K, 0% used [0x00000000ecd80000,0x00000000ecd80000,0x00000000f3400000)
  from space 104448K, 0% used [0x00000000f3400000,0x00000000f3400000,0x00000000f9a00000)
  to   space 104448K, 0% used [0x00000000f9a00000,0x00000000f9a00000,0x0000000100000000)
 ParOldGen       total 439296K, used 417914K [0x00000000c6800000, 0x00000000e1500000, 0x00000000ecd80000)
  object space 439296K, 95% used [0x00000000c6800000,0x00000000e001eae8,0x00000000e1500000)
 Metaspace       used 20353K, capacity 20914K, committed 21120K, reserved 1069056K
  class space    used 2197K, capacity 2327K, committed 2432K, reserved 1048576K
GC Heap History (10 events):
Event: 96.651 GC heap after
Heap after GC invocations=25 (full 3):
 PSYoungGen      total 189952K, used 48590K [0x00000000ecd80000, 0x0000000100000000, 0x0000000100000000)
  eden space 139776K, 0% used [0x00000000ecd80000,0x00000000ecd80000,0x00000000f5600000)
  from space 50176K, 96% used [0x00000000fcf00000,0x00000000ffe73a68,0x0000000100000000)
  to   space 87040K, 0% used [0x00000000f5600000,0x00000000f5600000,0x00000000fab00000)
 ParOldGen       total 303616K, used 197871K [0x00000000c6800000, 0x00000000d9080000, 0x00000000ecd80000)
  object space 303616K, 65% used [0x00000000c6800000,0x00000000d293bc98,0x00000000d9080000)
 Metaspace       used 20302K, capacity 20790K, committed 21120K, reserved 1069056K
  class space    used 2187K, capacity 2317K, committed 2432K, reserved 1048576K
}
Event: 98.540 GC heap before
{Heap before GC invocations=26 (full 3):
 PSYoungGen      total 189952K, used 188272K [0x00000000ecd80000, 0x0000000100000000, 0x0000000100000000)
  eden space 139776K, 99% used [0x00000000ecd80000,0x00000000f55e8668,0x00000000f5600000)
  from space 50176K, 96% used [0x00000000fcf00000,0x00000000ffe73a68,0x0000000100000000)
  to   space 87040K, 0% used [0x00000000f5600000,0x00000000f5600000,0x00000000fab00000)
 ParOldGen       total 303616K, used 197871K [0x00000000c6800000, 0x00000000d9080000, 0x00000000ecd80000)
  object space 303616K, 65% used [0x00000000c6800000,0x00000000d293bc98,0x00000000d9080000)
 Metaspace       used 20348K, capacity 20908K, committed 21120K, reserved 1069056K
  class space    used 2196K, capacity 2326K, committed 2432K, reserved 1048576K
Event: 98.939 GC heap after
Heap after GC invocations=26 (full 3):
 PSYoungGen      total 226816K, used 87015K [0x00000000ecd80000, 0x0000000100000000, 0x0000000100000000)
  eden space 139776K, 0% used [0x00000000ecd80000,0x00000000ecd80000,0x00000000f5600000)
  from space 87040K, 99% used [0x00000000f5600000,0x00000000faaf9f00,0x00000000fab00000)
  to   space 87040K, 0% used [0x00000000fab00000,0x00000000fab00000,0x0000000100000000)
 ParOldGen       total 303616K, used 249053K [0x00000000c6800000, 0x00000000d9080000, 0x00000000ecd80000)
  object space 303616K, 82% used [0x00000000c6800000,0x00000000d5b37610,0x00000000d9080000)
 Metaspace       used 20348K, capacity 20908K, committed 21120K, reserved 1069056K
  class space    used 2196K, capacity 2326K, committed 2432K, reserved 1048576K
}
Event: 98.939 GC heap before
{Heap before GC invocations=27 (full 4):
 PSYoungGen      total 226816K, used 87015K [0x00000000ecd80000, 0x0000000100000000, 0x0000000100000000)
  eden space 139776K, 0% used [0x00000000ecd80000,0x00000000ecd80000,0x00000000f5600000)
  from space 87040K, 99% used [0x00000000f5600000,0x00000000faaf9f00,0x00000000fab00000)
  to   space 87040K, 0% used [0x00000000fab00000,0x00000000fab00000,0x0000000100000000)
 ParOldGen       total 303616K, used 249053K [0x00000000c6800000, 0x00000000d9080000, 0x00000000ecd80000)
  object space 303616K, 82% used [0x00000000c6800000,0x00000000d5b37610,0x00000000d9080000)
 Metaspace       used 20348K, capacity 20908K, committed 21120K, reserved 1069056K
  class space    used 2196K, capacity 2326K, committed 2432K, reserved 1048576K
Event: 100.802 GC heap after
Heap after GC invocations=27 (full 4):
 PSYoungGen      total 226816K, used 998K [0x00000000ecd80000, 0x0000000100000000, 0x0000000100000000)
  eden space 139776K, 0% used [0x00000000ecd80000,0x00000000ecd80000,0x00000000f5600000)
  from space 87040K, 1% used [0x00000000f5600000,0x00000000f56f9928,0x00000000fab00000)
  to   space 87040K, 0% used [0x00000000fab00000,0x00000000fab00000,0x0000000100000000)
 ParOldGen       total 439296K, used 303393K [0x00000000c6800000, 0x00000000e1500000, 0x00000000ecd80000)
  object space 439296K, 69% used [0x00000000c6800000,0x00000000d9048458,0x00000000e1500000)
 Metaspace       used 20348K, capacity 20908K, committed 21120K, reserved 1069056K
  class space    used 2196K, capacity 2326K, committed 2432K, reserved 1048576K
}
Event: 101.364 GC heap before
{Heap before GC invocations=28 (full 4):
 PSYoungGen      total 226816K, used 140774K [0x00000000ecd80000, 0x0000000100000000, 0x0000000100000000)
  eden space 139776K, 100% used [0x00000000ecd80000,0x00000000f5600000,0x00000000f5600000)
  from space 87040K, 1% used [0x00000000f5600000,0x00000000f56f9928,0x00000000fab00000)
  to   space 87040K, 0% used [0x00000000fab00000,0x00000000fab00000,0x0000000100000000)
 ParOldGen       total 439296K, used 303393K [0x00000000c6800000, 0x00000000e1500000, 0x00000000ecd80000)
  object space 439296K, 69% used [0x00000000c6800000,0x00000000d9048458,0x00000000e1500000)
 Metaspace       used 20348K, capacity 20908K, committed 21120K, reserved 1069056K
  class space    used 2196K, capacity 2326K, committed 2432K, reserved 1048576K
Event: 101.766 GC heap after
Heap after GC invocations=28 (full 4):
 PSYoungGen      total 192000K, used 72352K [0x00000000ecd80000, 0x0000000100000000, 0x0000000100000000)
  eden space 104960K, 0% used [0x00000000ecd80000,0x00000000ecd80000,0x00000000f3400000)
  from space 87040K, 83% used [0x00000000fab00000,0x00000000ff1a8040,0x0000000100000000)
  to   space 104448K, 0% used [0x00000000f3400000,0x00000000f3400000,0x00000000f9a00000)
 ParOldGen       total 439296K, used 304417K [0x00000000c6800000, 0x00000000e1500000, 0x00000000ecd80000)
  object space 439296K, 69% used [0x00000000c6800000,0x00000000d9148458,0x00000000e1500000)
 Metaspace       used 20348K, capacity 20908K, committed 21120K, reserved 1069056K
  class space    used 2196K, capacity 2326K, committed 2432K, reserved 1048576K
}
Event: 102.538 GC heap before
{Heap before GC invocations=29 (full 4):
 PSYoungGen      total 192000K, used 175647K [0x00000000ecd80000, 0x0000000100000000, 0x0000000100000000)
  eden space 104960K, 98% used [0x00000000ecd80000,0x00000000f325fbe8,0x00000000f3400000)
  from space 87040K, 83% used [0x00000000fab00000,0x00000000ff1a8040,0x0000000100000000)
  to   space 104448K, 0% used [0x00000000f3400000,0x00000000f3400000,0x00000000f9a00000)
 ParOldGen       total 439296K, used 304417K [0x00000000c6800000, 0x00000000e1500000, 0x00000000ecd80000)
  object space 439296K, 69% used [0x00000000c6800000,0x00000000d9148458,0x00000000e1500000)
 Metaspace       used 20353K, capacity 20914K, committed 21120K, reserved 1069056K
  class space    used 2197K, capacity 2327K, committed 2432K, reserved 1048576K
Event: 103.188 GC heap after
Heap after GC invocations=29 (full 4):
 PSYoungGen      total 209408K, used 56256K [0x00000000ecd80000, 0x0000000100000000, 0x0000000100000000)
  eden space 104960K, 0% used [0x00000000ecd80000,0x00000000ecd80000,0x00000000f3400000)
  from space 104448K, 53% used [0x00000000f3400000,0x00000000f6af02f0,0x00000000f9a00000)
  to   space 104448K, 0% used [0x00000000f9a00000,0x00000000f9a00000,0x0000000100000000)
 ParOldGen       total 439296K, used 376857K [0x00000000c6800000, 0x00000000e1500000, 0x00000000ecd80000)
  object space 439296K, 85% used [0x00000000c6800000,0x00000000dd806498,0x00000000e1500000)
 Metaspace       used 20353K, capacity 20914K, committed 21120K, reserved 1069056K
  class space    used 2197K, capacity 2327K, committed 2432K, reserved 1048576K
}
Event: 103.191 GC heap before
{Heap before GC invocations=30 (full 5):
 PSYoungGen      total 209408K, used 56256K [0x00000000ecd80000, 0x0000000100000000, 0x0000000100000000)
  eden space 104960K, 0% used [0x00000000ecd80000,0x00000000ecd80000,0x00000000f3400000)
  from space 104448K, 53% used [0x00000000f3400000,0x00000000f6af02f0,0x00000000f9a00000)
  to   space 104448K, 0% used [0x00000000f9a00000,0x00000000f9a00000,0x0000000100000000)
 ParOldGen       total 439296K, used 376857K [0x00000000c6800000, 0x00000000e1500000, 0x00000000ecd80000)
  object space 439296K, 85% used [0x00000000c6800000,0x00000000dd806498,0x00000000e1500000)
 Metaspace       used 20353K, capacity 20914K, committed 21120K, reserved 1069056K
  class space    used 2197K, capacity 2327K, committed 2432K, reserved 1048576K

